This is pdfTeX, Version 3.14159265-2.6-1.40.18 (TeX Live 2017) (preloaded format=pdflatex 2017.12.6)  28 APR 2020 14:52
entering extended mode
 restricted \write18 enabled.
 file:line:error style messages enabled.
 %&-line parsing enabled.
**"/Users/marcogobbo/Desktop/Laboratorio 3/lab3/Exp2/report/Report2.tex"
(/Users/marcogobbo/Desktop/Laboratorio 3/lab3/Exp2/report/Report2.tex
LaTeX2e <2017-04-15>
Babel <3.10> and hyphenation patterns for 84 language(s) loaded.
(/usr/local/texlive/2017/texmf-dist/tex/latex/base/article.cls
Document Class: article 2014/09/29 v1.4h Standard LaTeX document class
(/usr/local/texlive/2017/texmf-dist/tex/latex/base/size10.clo
File: size10.clo 2014/09/29 v1.4h Standard LaTeX file (size option)
)
\c@part=\count79
\c@section=\count80
\c@subsection=\count81
\c@subsubsection=\count82
\c@paragraph=\count83
\c@subparagraph=\count84
\c@figure=\count85
\c@table=\count86
\abovecaptionskip=\skip41
\belowcaptionskip=\skip42
\bibindent=\dimen102
) (/usr/local/texlive/2017/texmf-dist/tex/latex/graphics/graphicx.sty
Package: graphicx 2014/10/28 v1.0g Enhanced LaTeX Graphics (DPC,SPQR)
 (/usr/local/texlive/2017/texmf-dist/tex/latex/graphics/keyval.sty
Package: keyval 2014/10/28 v1.15 key=value parser (DPC)
\KV@toks@=\toks14
) (/usr/local/texlive/2017/texmf-dist/tex/latex/graphics/graphics.sty
Package: graphics 2017/04/14 v1.1b Standard LaTeX Graphics (DPC,SPQR)
 (/usr/local/texlive/2017/texmf-dist/tex/latex/graphics/trig.sty
Package: trig 2016/01/03 v1.10 sin cos tan (DPC)
) (/usr/local/texlive/2017/texmf-dist/tex/latex/graphics-cfg/graphics.cfg
File: graphics.cfg 2016/06/04 v1.11 sample graphics configuration
)
Package graphics Info: Driver file: pdftex.def on input line 99.
 (/usr/local/texlive/2017/texmf-dist/tex/latex/graphics-def/pdftex.def
File: pdftex.def 2017/01/12 v0.06k Graphics/color for pdfTeX
 (/usr/local/texlive/2017/texmf-dist/tex/generic/oberdiek/infwarerr.sty
Package: infwarerr 2016/05/16 v1.4 Providing info/warning/error messages (HO)
) (/usr/local/texlive/2017/texmf-dist/tex/generic/oberdiek/ltxcmds.sty
Package: ltxcmds 2016/05/16 v1.23 LaTeX kernel commands for general use (HO)
)
\Gread@gobject=\count87
))
\Gin@req@height=\dimen103
\Gin@req@width=\dimen104
) (/usr/local/texlive/2017/texmf-dist/tex/latex/float/float.sty
Package: float 2001/11/08 v1.3d Float enhancements (AL)
\c@float@type=\count88
\float@exts=\toks15
\float@box=\box26
\@float@everytoks=\toks16
\@floatcapt=\box27
) (/usr/local/texlive/2017/texmf-dist/tex/latex/booktabs/booktabs.sty
Package: booktabs 2016/04/27 v1.618033 publication quality tables
\heavyrulewidth=\dimen105
\lightrulewidth=\dimen106
\cmidrulewidth=\dimen107
\belowrulesep=\dimen108
\belowbottomsep=\dimen109
\aboverulesep=\dimen110
\abovetopsep=\dimen111
\cmidrulesep=\dimen112
\cmidrulekern=\dimen113
\defaultaddspace=\dimen114
\@cmidla=\count89
\@cmidlb=\count90
\@aboverulesep=\dimen115
\@belowrulesep=\dimen116
\@thisruleclass=\count91
\@lastruleclass=\count92
\@thisrulewidth=\dimen117
) (/usr/local/texlive/2017/texmf-dist/tex/latex/amsmath/amsmath.sty
Package: amsmath 2016/11/05 v2.16a AMS math features
\@mathmargin=\skip43

For additional information on amsmath, use the `?' option.
(/usr/local/texlive/2017/texmf-dist/tex/latex/amsmath/amstext.sty
Package: amstext 2000/06/29 v2.01 AMS text
 (/usr/local/texlive/2017/texmf-dist/tex/latex/amsmath/amsgen.sty
File: amsgen.sty 1999/11/30 v2.0 generic functions
\@emptytoks=\toks17
\ex@=\dimen118
)) (/usr/local/texlive/2017/texmf-dist/tex/latex/amsmath/amsbsy.sty
Package: amsbsy 1999/11/29 v1.2d Bold Symbols
\pmbraise@=\dimen119
) (/usr/local/texlive/2017/texmf-dist/tex/latex/amsmath/amsopn.sty
Package: amsopn 2016/03/08 v2.02 operator names
)
\inf@bad=\count93
LaTeX Info: Redefining \frac on input line 213.
\uproot@=\count94
\leftroot@=\count95
LaTeX Info: Redefining \overline on input line 375.
\classnum@=\count96
\DOTSCASE@=\count97
LaTeX Info: Redefining \ldots on input line 472.
LaTeX Info: Redefining \dots on input line 475.
LaTeX Info: Redefining \cdots on input line 596.
\Mathstrutbox@=\box28
\strutbox@=\box29
\big@size=\dimen120
LaTeX Font Info:    Redeclaring font encoding OML on input line 712.
LaTeX Font Info:    Redeclaring font encoding OMS on input line 713.
\macc@depth=\count98
\c@MaxMatrixCols=\count99
\dotsspace@=\muskip10
\c@parentequation=\count100
\dspbrk@lvl=\count101
\tag@help=\toks18
\row@=\count102
\column@=\count103
\maxfields@=\count104
\andhelp@=\toks19
\eqnshift@=\dimen121
\alignsep@=\dimen122
\tagshift@=\dimen123
\tagwidth@=\dimen124
\totwidth@=\dimen125
\lineht@=\dimen126
\@envbody=\toks20
\multlinegap=\skip44
\multlinetaggap=\skip45
\mathdisplay@stack=\toks21
LaTeX Info: Redefining \[ on input line 2817.
LaTeX Info: Redefining \] on input line 2818.
) (/usr/local/texlive/2017/texmf-dist/tex/latex/amsfonts/amssymb.sty
Package: amssymb 2013/01/14 v3.01 AMS font symbols
 (/usr/local/texlive/2017/texmf-dist/tex/latex/amsfonts/amsfonts.sty
Package: amsfonts 2013/01/14 v3.01 Basic AMSFonts support
\symAMSa=\mathgroup4
\symAMSb=\mathgroup5
LaTeX Font Info:    Overwriting math alphabet `\mathfrak' in version `bold'
(Font)                  U/euf/m/n --> U/euf/b/n on input line 106.
)) (/usr/local/texlive/2017/texmf-dist/tex/latex/amscls/amsthm.sty
Package: amsthm 2015/03/04 v2.20.2
\thm@style=\toks22
\thm@bodyfont=\toks23
\thm@headfont=\toks24
\thm@notefont=\toks25
\thm@headpunct=\toks26
\thm@preskip=\skip46
\thm@postskip=\skip47
\thm@headsep=\skip48
\dth@everypar=\toks27
) (/usr/local/texlive/2017/texmf-dist/tex/latex/physics/physics.sty
Package: physics 
 (/usr/local/texlive/2017/texmf-dist/tex/latex/l3packages/xparse/xparse.sty (/usr/local/texlive/2017/texmf-dist/tex/latex/l3kernel/expl3.sty
Package: expl3 2017/05/13 L3 programming layer (loader) 
 (/usr/local/texlive/2017/texmf-dist/tex/latex/l3kernel/expl3-code.tex
Package: expl3 2017/05/13 L3 programming layer (code)
\c_max_int=\count105
\l_tmpa_int=\count106
\l_tmpb_int=\count107
\g_tmpa_int=\count108
\g_tmpb_int=\count109
\g__prg_map_int=\count110
\c_log_iow=\count111
\l_iow_line_count_int=\count112
\l__iow_line_target_int=\count113
\l__iow_one_indent_int=\count114
\l__iow_indent_int=\count115
\c_zero_dim=\dimen127
\c_max_dim=\dimen128
\l_tmpa_dim=\dimen129
\l_tmpb_dim=\dimen130
\g_tmpa_dim=\dimen131
\g_tmpb_dim=\dimen132
\c_zero_skip=\skip49
\c_max_skip=\skip50
\l_tmpa_skip=\skip51
\l_tmpb_skip=\skip52
\g_tmpa_skip=\skip53
\g_tmpb_skip=\skip54
\c_zero_muskip=\muskip11
\c_max_muskip=\muskip12
\l_tmpa_muskip=\muskip13
\l_tmpb_muskip=\muskip14
\g_tmpa_muskip=\muskip15
\g_tmpb_muskip=\muskip16
\l_keys_choice_int=\count116
\c__fp_leading_shift_int=\count117
\c__fp_middle_shift_int=\count118
\c__fp_trailing_shift_int=\count119
\c__fp_big_leading_shift_int=\count120
\c__fp_big_middle_shift_int=\count121
\c__fp_big_trailing_shift_int=\count122
\c__fp_Bigg_leading_shift_int=\count123
\c__fp_Bigg_middle_shift_int=\count124
\c__fp_Bigg_trailing_shift_int=\count125
\c__fp_rand_size_int=\count126
\c__fp_rand_four_int=\count127
\c__fp_rand_eight_int=\count128
\l__sort_length_int=\count129
\l__sort_min_int=\count130
\l__sort_top_int=\count131
\l__sort_max_int=\count132
\l__sort_true_max_int=\count133
\l__sort_block_int=\count134
\l__sort_begin_int=\count135
\l__sort_end_int=\count136
\l__sort_A_int=\count137
\l__sort_B_int=\count138
\l__sort_C_int=\count139
\c_empty_box=\box30
\l_tmpa_box=\box31
\l_tmpb_box=\box32
\g_tmpa_box=\box33
\g_tmpb_box=\box34
\l__box_top_dim=\dimen133
\l__box_bottom_dim=\dimen134
\l__box_left_dim=\dimen135
\l__box_right_dim=\dimen136
\l__box_top_new_dim=\dimen137
\l__box_bottom_new_dim=\dimen138
\l__box_left_new_dim=\dimen139
\l__box_right_new_dim=\dimen140
\l__box_internal_box=\box35
\l__coffin_internal_box=\box36
\l__coffin_internal_dim=\dimen141
\l__coffin_offset_x_dim=\dimen142
\l__coffin_offset_y_dim=\dimen143
\l__coffin_x_dim=\dimen144
\l__coffin_y_dim=\dimen145
\l__coffin_x_prime_dim=\dimen146
\l__coffin_y_prime_dim=\dimen147
\c_empty_coffin=\box37
\l__coffin_aligned_coffin=\box38
\l__coffin_aligned_internal_coffin=\box39
\l_tmpa_coffin=\box40
\l_tmpb_coffin=\box41
\l__coffin_display_coffin=\box42
\l__coffin_display_coord_coffin=\box43
\l__coffin_display_pole_coffin=\box44
\l__coffin_display_offset_dim=\dimen148
\l__coffin_display_x_dim=\dimen149
\l__coffin_display_y_dim=\dimen150
\l__coffin_bounding_shift_dim=\dimen151
\l__coffin_left_corner_dim=\dimen152
\l__coffin_right_corner_dim=\dimen153
\l__coffin_bottom_corner_dim=\dimen154
\l__coffin_top_corner_dim=\dimen155
\l__coffin_scaled_total_height_dim=\dimen156
\l__coffin_scaled_width_dim=\dimen157
) (/usr/local/texlive/2017/texmf-dist/tex/latex/l3kernel/l3pdfmode.def
File: l3pdfmode.def 2017/03/18 v L3 Experimental driver: PDF mode
\l__driver_color_stack_int=\count140
\l__driver_tmp_box=\box45
))
Package: xparse 2017/05/13 L3 Experimental document command parser
\l__xparse_current_arg_int=\count141
\g__xparse_grabber_int=\count142
\l__xparse_m_args_int=\count143
\l__xparse_mandatory_args_int=\count144
\l__xparse_v_nesting_int=\count145
)
.................................................
. LaTeX info: "xparse/define-command"
. 
. Defining command \vnabla with sig. '' on line 25.
.................................................
.................................................
. LaTeX info: "xparse/define-command"
. 
. Defining command \varE with sig. '' on line 29.
.................................................
.................................................
. LaTeX info: "xparse/define-command"
. 
. Defining command \ordersymbol with sig. '' on line 30.
.................................................
.................................................
. LaTeX info: "xparse/define-command"
. 
. Defining command \lparen with sig. '' on line 31.
.................................................
.................................................
. LaTeX info: "xparse/define-command"
. 
. Defining command \rparen with sig. '' on line 32.
.................................................
.................................................
. LaTeX info: "xparse/define-command"
. 
. Defining command \quantity with sig. '' on line 35.
.................................................
.................................................
. LaTeX info: "xparse/define-command"
. 
. Defining command \@quantity with sig. ' t\big t\Big t\bigg t\Bigg g o d()
. d|| ' on line 62.
.................................................
.................................................
. LaTeX info: "xparse/define-command"
. 
. Defining command \qty with sig. '' on line 63.
.................................................
.................................................
. LaTeX info: "xparse/define-command"
. 
. Defining command \pqty with sig. ' l m ' on line 64.
.................................................
.................................................
. LaTeX info: "xparse/define-command"
. 
. Defining command \bqty with sig. ' l m ' on line 65.
.................................................
.................................................
. LaTeX info: "xparse/define-command"
. 
. Defining command \Bqty with sig. ' l m ' on line 66.
.................................................
.................................................
. LaTeX info: "xparse/define-command"
. 
. Defining command \vqty with sig. ' l m ' on line 67.
.................................................
.................................................
. LaTeX info: "xparse/define-command"
. 
. Defining command \pmqty with sig. 'm' on line 70.
.................................................
.................................................
. LaTeX info: "xparse/define-command"
. 
. Defining command \Pmqty with sig. 'm' on line 71.
.................................................
.................................................
. LaTeX info: "xparse/define-command"
. 
. Defining command \bmqty with sig. 'm' on line 72.
.................................................
.................................................
. LaTeX info: "xparse/define-command"
. 
. Defining command \vmqty with sig. 'm' on line 73.
.................................................
.................................................
. LaTeX info: "xparse/define-command"
. 
. Defining command \matrixquantity with sig. '' on line 74.
.................................................
.................................................
. LaTeX info: "xparse/define-command"
. 
. Defining command \@matrixquantity with sig. ' s g o d() d|| ' on line 100.
.................................................
.................................................
. LaTeX info: "xparse/define-command"
. 
. Defining command \mqty with sig. '' on line 101.
.................................................
.................................................
. LaTeX info: "xparse/define-command"
. 
. Defining command \matrixdeterminant with sig. 'm' on line 102.
.................................................
.................................................
. LaTeX info: "xparse/define-command"
. 
. Defining command \mdet with sig. '' on line 103.
.................................................
.................................................
. LaTeX info: "xparse/define-command"
. 
. Defining command \spmqty with sig. 'm' on line 105.
.................................................
.................................................
. LaTeX info: "xparse/define-command"
. 
. Defining command \sPmqty with sig. 'm' on line 106.
.................................................
.................................................
. LaTeX info: "xparse/define-command"
. 
. Defining command \sbmqty with sig. 'm' on line 107.
.................................................
.................................................
. LaTeX info: "xparse/define-command"
. 
. Defining command \svmqty with sig. 'm' on line 108.
.................................................
.................................................
. LaTeX info: "xparse/define-command"
. 
. Defining command \smallmatrixquantity with sig. ' s g o d() d|| ' on line
. 133.
.................................................
.................................................
. LaTeX info: "xparse/define-command"
. 
. Defining command \smqty with sig. '' on line 134.
.................................................
.................................................
. LaTeX info: "xparse/define-command"
. 
. Defining command \smallmatrixdeterminant with sig. 'm' on line 135.
.................................................
.................................................
. LaTeX info: "xparse/define-command"
. 
. Defining command \smdet with sig. '' on line 136.
.................................................
.................................................
. LaTeX info: "xparse/define-command"
. 
. Defining command \argopen with sig. 's' on line 138.
.................................................
.................................................
. LaTeX info: "xparse/define-command"
. 
. Defining command \argclose with sig. 's' on line 139.
.................................................
.................................................
. LaTeX info: "xparse/define-command"
. 
. Defining command \braces with sig. '' on line 141.
.................................................
.................................................
. LaTeX info: "xparse/define-command"
. 
. Defining command \@braces with sig. ' s t\big t\Big t\bigg t\Bigg m m m ' on
. line 156.
.................................................
.................................................
. LaTeX info: "xparse/define-command"
. 
. Defining command \fbraces with sig. ' s t\big t\Big t\bigg t\Bigg m m m m '
. on line 174.
.................................................
.................................................
. LaTeX info: "xparse/define-command"
. 
. Defining command \absolutevalue with sig. ' l m ' on line 176.
.................................................
.................................................
. LaTeX info: "xparse/define-command"
. 
. Defining command \abs with sig. '' on line 177.
.................................................
.................................................
. LaTeX info: "xparse/define-command"
. 
. Defining command \norm with sig. ' l m ' on line 178.
.................................................
.................................................
. LaTeX info: "xparse/define-command"
. 
. Defining command \order with sig. ' l m ' on line 179.
.................................................
.................................................
. LaTeX info: "xparse/define-command"
. 
. Defining command \evaluated with sig. ' s g d[| d(| ' on line 194.
.................................................
.................................................
. LaTeX info: "xparse/define-command"
. 
. Defining command \eval with sig. '' on line 195.
.................................................
.................................................
. LaTeX info: "xparse/define-command"
. 
. Defining command \poissonbracket with sig. ' l m m ' on line 197.
.................................................
.................................................
. LaTeX info: "xparse/define-command"
. 
. Defining command \pb with sig. '' on line 198.
.................................................
.................................................
. LaTeX info: "xparse/define-command"
. 
. Defining command \commutator with sig. ' l m m ' on line 201.
.................................................
.................................................
. LaTeX info: "xparse/define-command"
. 
. Defining command \comm with sig. '' on line 202.
.................................................
.................................................
. LaTeX info: "xparse/define-command"
. 
. Defining command \anticommutator with sig. ' l m m ' on line 203.
.................................................
.................................................
. LaTeX info: "xparse/define-command"
. 
. Defining command \acommutator with sig. '' on line 204.
.................................................
.................................................
. LaTeX info: "xparse/define-command"
. 
. Defining command \acomm with sig. '' on line 205.
.................................................
.................................................
. LaTeX info: "xparse/define-command"
. 
. Defining command \vectorbold with sig. ' s m ' on line 208.
.................................................
.................................................
. LaTeX info: "xparse/define-command"
. 
. Defining command \vb with sig. '' on line 209.
.................................................
.................................................
. LaTeX info: "xparse/define-command"
. 
. Defining command \vectorarrow with sig. ' s m ' on line 211.
.................................................
.................................................
. LaTeX info: "xparse/define-command"
. 
. Defining command \va with sig. '' on line 212.
.................................................
.................................................
. LaTeX info: "xparse/define-command"
. 
. Defining command \vectorunit with sig. ' s m ' on line 214.
.................................................
.................................................
. LaTeX info: "xparse/define-command"
. 
. Defining command \vu with sig. '' on line 215.
.................................................
.................................................
. LaTeX info: "xparse/define-command"
. 
. Defining command \dotproduct with sig. '' on line 217.
.................................................
.................................................
. LaTeX info: "xparse/define-command"
. 
. Defining command \vdot with sig. '' on line 218.
.................................................
.................................................
. LaTeX info: "xparse/define-command"
. 
. Defining command \crossproduct with sig. '' on line 220.
.................................................
.................................................
. LaTeX info: "xparse/define-command"
. 
. Defining command \cross with sig. '' on line 221.
.................................................
.................................................
. LaTeX info: "xparse/define-command"
. 
. Defining command \cp with sig. '' on line 222.
.................................................
.................................................
. LaTeX info: "xparse/define-command"
. 
. Defining command \gradient with sig. ' g o d() ' on line 232.
.................................................
.................................................
. LaTeX info: "xparse/define-command"
. 
. Defining command \grad with sig. '' on line 233.
.................................................
.................................................
. LaTeX info: "xparse/define-command"
. 
. Defining command \divergence with sig. ' g o d() ' on line 243.
.................................................
.................................................
. LaTeX info: "xparse/define-command"
. 
. Defining command \div with sig. '' on line 246.
.................................................
.................................................
. LaTeX info: "xparse/define-command"
. 
. Defining command \curl with sig. ' g o d() ' on line 256.
.................................................
.................................................
. LaTeX info: "xparse/define-command"
. 
. Defining command \laplacian with sig. ' g o d() ' on line 266.
.................................................
.................................................
. LaTeX info: "xparse/define-command"
. 
. Defining command \principalvalue with sig. 'g' on line 274.
.................................................
.................................................
. LaTeX info: "xparse/define-command"
. 
. Defining command \pv with sig. '' on line 275.
.................................................
.................................................
. LaTeX info: "xparse/define-command"
. 
. Defining command \PV with sig. 'g' on line 276.
.................................................
.................................................
. LaTeX info: "xparse/redefine-command"
. 
. Redefining command \Re with sig. 'g' on line 277.
.................................................
.................................................
. LaTeX info: "xparse/redefine-command"
. 
. Redefining command \Im with sig. 'g' on line 278.
.................................................
.................................................
. LaTeX info: "xparse/define-command"
. 
. Defining command \opbraces with sig. ' m g o d() ' on line 299.
.................................................
.................................................
. LaTeX info: "xparse/define-command"
. 
. Defining command \trigbraces with sig. ' m o d() ' on line 305.
.................................................
.................................................
. LaTeX info: "xparse/redefine-command"
. 
. Redefining command \sin with sig. '' on line 309.
.................................................
.................................................
. LaTeX info: "xparse/redefine-command"
. 
. Redefining command \cos with sig. '' on line 310.
.................................................
.................................................
. LaTeX info: "xparse/redefine-command"
. 
. Redefining command \tan with sig. '' on line 311.
.................................................
.................................................
. LaTeX info: "xparse/redefine-command"
. 
. Redefining command \csc with sig. '' on line 312.
.................................................
.................................................
. LaTeX info: "xparse/redefine-command"
. 
. Redefining command \sec with sig. '' on line 313.
.................................................
.................................................
. LaTeX info: "xparse/redefine-command"
. 
. Redefining command \cot with sig. '' on line 314.
.................................................
.................................................
. LaTeX info: "xparse/redefine-command"
. 
. Redefining command \arcsin with sig. '' on line 316.
.................................................
.................................................
. LaTeX info: "xparse/redefine-command"
. 
. Redefining command \arccos with sig. '' on line 317.
.................................................
.................................................
. LaTeX info: "xparse/redefine-command"
. 
. Redefining command \arctan with sig. '' on line 318.
.................................................
.................................................
. LaTeX info: "xparse/define-command"
. 
. Defining command \arccsc with sig. '' on line 320.
.................................................
.................................................
. LaTeX info: "xparse/define-command"
. 
. Defining command \arcsec with sig. '' on line 322.
.................................................
.................................................
. LaTeX info: "xparse/define-command"
. 
. Defining command \arccot with sig. '' on line 324.
.................................................
.................................................
. LaTeX info: "xparse/define-command"
. 
. Defining command \asin with sig. '' on line 327.
.................................................
.................................................
. LaTeX info: "xparse/define-command"
. 
. Defining command \acos with sig. '' on line 329.
.................................................
.................................................
. LaTeX info: "xparse/define-command"
. 
. Defining command \atan with sig. '' on line 331.
.................................................
.................................................
. LaTeX info: "xparse/define-command"
. 
. Defining command \acsc with sig. '' on line 333.
.................................................
.................................................
. LaTeX info: "xparse/define-command"
. 
. Defining command \asec with sig. '' on line 335.
.................................................
.................................................
. LaTeX info: "xparse/define-command"
. 
. Defining command \acot with sig. '' on line 337.
.................................................
.................................................
. LaTeX info: "xparse/redefine-command"
. 
. Redefining command \sinh with sig. '' on line 339.
.................................................
.................................................
. LaTeX info: "xparse/redefine-command"
. 
. Redefining command \cosh with sig. '' on line 340.
.................................................
.................................................
. LaTeX info: "xparse/redefine-command"
. 
. Redefining command \tanh with sig. '' on line 341.
.................................................
.................................................
. LaTeX info: "xparse/define-command"
. 
. Defining command \csch with sig. '' on line 343.
.................................................
.................................................
. LaTeX info: "xparse/define-command"
. 
. Defining command \sech with sig. '' on line 345.
.................................................
.................................................
. LaTeX info: "xparse/redefine-command"
. 
. Redefining command \coth with sig. '' on line 346.
.................................................
.................................................
. LaTeX info: "xparse/redefine-command"
. 
. Redefining command \exp with sig. '' on line 348.
.................................................
.................................................
. LaTeX info: "xparse/redefine-command"
. 
. Redefining command \log with sig. '' on line 349.
.................................................
.................................................
. LaTeX info: "xparse/redefine-command"
. 
. Redefining command \ln with sig. '' on line 350.
.................................................
.................................................
. LaTeX info: "xparse/redefine-command"
. 
. Redefining command \det with sig. '' on line 351.
.................................................
.................................................
. LaTeX info: "xparse/redefine-command"
. 
. Redefining command \Pr with sig. '' on line 352.
.................................................
.................................................
. LaTeX info: "xparse/define-command"
. 
. Defining command \tr with sig. '' on line 353.
.................................................
.................................................
. LaTeX info: "xparse/define-command"
. 
. Defining command \Tr with sig. '' on line 354.
.................................................
.................................................
. LaTeX info: "xparse/define-command"
. 
. Defining command \Res with sig. '' on line 355.
.................................................
.................................................
. LaTeX info: "xparse/define-command"
. 
. Defining command \qqtext with sig. ' s m ' on line 377.
.................................................
.................................................
. LaTeX info: "xparse/define-command"
. 
. Defining command \qq with sig. '' on line 378.
.................................................
.................................................
. LaTeX info: "xparse/define-command"
. 
. Defining command \qcomma with sig. '' on line 380.
.................................................
.................................................
. LaTeX info: "xparse/define-command"
. 
. Defining command \qc with sig. '' on line 381.
.................................................
.................................................
. LaTeX info: "xparse/define-command"
. 
. Defining command \qif with sig. 's' on line 383.
.................................................
.................................................
. LaTeX info: "xparse/define-command"
. 
. Defining command \qthen with sig. 's' on line 384.
.................................................
.................................................
. LaTeX info: "xparse/define-command"
. 
. Defining command \qelse with sig. 's' on line 385.
.................................................
.................................................
. LaTeX info: "xparse/define-command"
. 
. Defining command \qotherwise with sig. 's' on line 386.
.................................................
.................................................
. LaTeX info: "xparse/define-command"
. 
. Defining command \qunless with sig. 's' on line 387.
.................................................
.................................................
. LaTeX info: "xparse/define-command"
. 
. Defining command \qgiven with sig. 's' on line 388.
.................................................
.................................................
. LaTeX info: "xparse/define-command"
. 
. Defining command \qusing with sig. 's' on line 389.
.................................................
.................................................
. LaTeX info: "xparse/define-command"
. 
. Defining command \qassume with sig. 's' on line 390.
.................................................
.................................................
. LaTeX info: "xparse/define-command"
. 
. Defining command \qsince with sig. 's' on line 391.
.................................................
.................................................
. LaTeX info: "xparse/define-command"
. 
. Defining command \qlet with sig. 's' on line 392.
.................................................
.................................................
. LaTeX info: "xparse/define-command"
. 
. Defining command \qfor with sig. 's' on line 393.
.................................................
.................................................
. LaTeX info: "xparse/define-command"
. 
. Defining command \qall with sig. 's' on line 394.
.................................................
.................................................
. LaTeX info: "xparse/define-command"
. 
. Defining command \qeven with sig. 's' on line 395.
.................................................
.................................................
. LaTeX info: "xparse/define-command"
. 
. Defining command \qodd with sig. 's' on line 396.
.................................................
.................................................
. LaTeX info: "xparse/define-command"
. 
. Defining command \qinteger with sig. 's' on line 397.
.................................................
.................................................
. LaTeX info: "xparse/define-command"
. 
. Defining command \qand with sig. 's' on line 398.
.................................................
.................................................
. LaTeX info: "xparse/define-command"
. 
. Defining command \qor with sig. 's' on line 399.
.................................................
.................................................
. LaTeX info: "xparse/define-command"
. 
. Defining command \qas with sig. 's' on line 400.
.................................................
.................................................
. LaTeX info: "xparse/define-command"
. 
. Defining command \qin with sig. 's' on line 401.
.................................................
.................................................
. LaTeX info: "xparse/define-command"
. 
. Defining command \qcc with sig. 's' on line 402.
.................................................
.................................................
. LaTeX info: "xparse/define-command"
. 
. Defining command \differential with sig. ' o g d() ' on line 415.
.................................................
.................................................
. LaTeX info: "xparse/define-command"
. 
. Defining command \dd with sig. '' on line 416.
.................................................
.................................................
. LaTeX info: "xparse/define-command"
. 
. Defining command \derivative with sig. ' s o m g d() ' on line 435.
.................................................
.................................................
. LaTeX info: "xparse/define-command"
. 
. Defining command \dv with sig. '' on line 436.
.................................................
.................................................
. LaTeX info: "xparse/define-command"
. 
. Defining command \partialderivative with sig. ' s o m g g d() ' on line 460.
.................................................
.................................................
. LaTeX info: "xparse/define-command"
. 
. Defining command \pderivative with sig. '' on line 461.
.................................................
.................................................
. LaTeX info: "xparse/define-command"
. 
. Defining command \pdv with sig. '' on line 462.
.................................................
.................................................
. LaTeX info: "xparse/define-command"
. 
. Defining command \variation with sig. ' o g d() ' on line 474.
.................................................
.................................................
. LaTeX info: "xparse/define-command"
. 
. Defining command \var with sig. '' on line 475.
.................................................
.................................................
. LaTeX info: "xparse/define-command"
. 
. Defining command \functionalderivative with sig. ' s o m g d() ' on line
. 494.
.................................................
.................................................
. LaTeX info: "xparse/define-command"
. 
. Defining command \fderivative with sig. '' on line 495.
.................................................
.................................................
. LaTeX info: "xparse/define-command"
. 
. Defining command \fdv with sig. '' on line 496.
.................................................
.................................................
. LaTeX info: "xparse/define-command"
. 
. Defining command \bra with sig. ' s m t\ket s g ' on line 526.
.................................................
.................................................
. LaTeX info: "xparse/define-command"
. 
. Defining command \ket with sig. ' s m ' on line 533.
.................................................
.................................................
. LaTeX info: "xparse/define-command"
. 
. Defining command \innerproduct with sig. ' s m g ' on line 548.
.................................................
.................................................
. LaTeX info: "xparse/define-command"
. 
. Defining command \braket with sig. '' on line 549.
.................................................
.................................................
. LaTeX info: "xparse/define-command"
. 
. Defining command \ip with sig. '' on line 550.
.................................................
.................................................
. LaTeX info: "xparse/define-command"
. 
. Defining command \outerproduct with sig. ' s m g ' on line 565.
.................................................
.................................................
. LaTeX info: "xparse/define-command"
. 
. Defining command \dyad with sig. '' on line 566.
.................................................
.................................................
. LaTeX info: "xparse/define-command"
. 
. Defining command \op with sig. '' on line 567.
.................................................
.................................................
. LaTeX info: "xparse/define-command"
. 
. Defining command \ketbra with sig. '' on line 568.
.................................................
.................................................
. LaTeX info: "xparse/define-command"
. 
. Defining command \expectationvalue with sig. ' s s m g ' on line 587.
.................................................
.................................................
. LaTeX info: "xparse/define-command"
. 
. Defining command \expval with sig. '' on line 588.
.................................................
.................................................
. LaTeX info: "xparse/define-command"
. 
. Defining command \ev with sig. '' on line 589.
.................................................
.................................................
. LaTeX info: "xparse/define-command"
. 
. Defining command \vev with sig. ' m ' on line 590.
.................................................
.................................................
. LaTeX info: "xparse/define-command"
. 
. Defining command \matrixelement with sig. ' s s m m m ' on line 601.
.................................................
.................................................
. LaTeX info: "xparse/define-command"
. 
. Defining command \matrixel with sig. '' on line 602.
.................................................
.................................................
. LaTeX info: "xparse/define-command"
. 
. Defining command \mel with sig. '' on line 603.
.................................................
.................................................
. LaTeX info: "xparse/define-command"
. 
. Defining command \identitymatrix with sig. 'm' on line 633.
.................................................
.................................................
. LaTeX info: "xparse/define-command"
. 
. Defining command \imat with sig. '' on line 634.
.................................................
.................................................
. LaTeX info: "xparse/define-command"
. 
. Defining command \xmatrix with sig. ' s m m m ' on line 659.
.................................................
.................................................
. LaTeX info: "xparse/define-command"
. 
. Defining command \xmat with sig. '' on line 660.
.................................................
.................................................
. LaTeX info: "xparse/define-command"
. 
. Defining command \zeromatrix with sig. ' m g ' on line 662.
.................................................
.................................................
. LaTeX info: "xparse/define-command"
. 
. Defining command \zmat with sig. '' on line 663.
.................................................
.................................................
. LaTeX info: "xparse/define-command"
. 
. Defining command \paulixmatrix with sig. '' on line 665.
.................................................
.................................................
. LaTeX info: "xparse/define-command"
. 
. Defining command \pauliymatrix with sig. '' on line 666.
.................................................
.................................................
. LaTeX info: "xparse/define-command"
. 
. Defining command \paulizmatrix with sig. '' on line 667.
.................................................
.................................................
. LaTeX info: "xparse/define-command"
. 
. Defining command \paulimatrix with sig. 'm' on line 678.
.................................................
.................................................
. LaTeX info: "xparse/define-command"
. 
. Defining command \pmat with sig. '' on line 679.
.................................................
.................................................
. LaTeX info: "xparse/define-command"
. 
. Defining command \diagonalmatrix with sig. 'O{} >{\SplitList {,}}m ' on line
. 681.
.................................................
.................................................
. LaTeX info: "xparse/define-command"
. 
. Defining command \@dmat with sig. 'mmggggggg' on line 714.
.................................................
.................................................
. LaTeX info: "xparse/define-command"
. 
. Defining command \dmat with sig. '' on line 715.
.................................................
.................................................
. LaTeX info: "xparse/define-command"
. 
. Defining command \antidiagonalmatrix with sig. 'O{} >{\SplitList {,}}m ' on
. line 717.
.................................................
.................................................
. LaTeX info: "xparse/define-command"
. 
. Defining command \@admat with sig. 'mmggggggg' on line 750.
.................................................
.................................................
. LaTeX info: "xparse/define-command"
. 
. Defining command \admat with sig. '' on line 751.
.................................................
.................................................
. LaTeX info: "xparse/define-command"
. 
. Defining command \flatfrac with sig. ' m m ' on line 754.
.................................................
.................................................
. LaTeX info: "xparse/define-command"
. 
. Defining command \homework with sig. '' on line 764.
.................................................
) (/usr/local/texlive/2017/texmf-dist/tex/latex/geometry/geometry.sty
Package: geometry 2010/09/12 v5.6 Page Geometry
 (/usr/local/texlive/2017/texmf-dist/tex/generic/oberdiek/ifpdf.sty
Package: ifpdf 2017/03/15 v3.2 Provides the ifpdf switch
) (/usr/local/texlive/2017/texmf-dist/tex/generic/oberdiek/ifvtex.sty
Package: ifvtex 2016/05/16 v1.6 Detect VTeX and its facilities (HO)
Package ifvtex Info: VTeX not detected.
) (/usr/local/texlive/2017/texmf-dist/tex/generic/ifxetex/ifxetex.sty
Package: ifxetex 2010/09/12 v0.6 Provides ifxetex conditional
)
\Gm@cnth=\count146
\Gm@cntv=\count147
\c@Gm@tempcnt=\count148
\Gm@bindingoffset=\dimen158
\Gm@wd@mp=\dimen159
\Gm@odd@mp=\dimen160
\Gm@even@mp=\dimen161
\Gm@layoutwidth=\dimen162
\Gm@layoutheight=\dimen163
\Gm@layouthoffset=\dimen164
\Gm@layoutvoffset=\dimen165
\Gm@dimlist=\toks28
) (/usr/local/texlive/2017/texmf-dist/tex/latex/base/latexsym.sty
Package: latexsym 1998/08/17 v2.2e Standard LaTeX package (lasy symbols)
\symlasy=\mathgroup6
LaTeX Font Info:    Overwriting symbol font `lasy' in version `bold'
(Font)                  U/lasy/m/n --> U/lasy/b/n on input line 52.
) (/Users/marcogobbo/Desktop/Laboratorio 3/lab3/Exp2/report/Report2.aux)
\openout1 = `Report2.aux'.

LaTeX Font Info:    Checking defaults for OML/cmm/m/it on input line 18.
LaTeX Font Info:    ... okay on input line 18.
LaTeX Font Info:    Checking defaults for T1/cmr/m/n on input line 18.
LaTeX Font Info:    ... okay on input line 18.
LaTeX Font Info:    Checking defaults for OT1/cmr/m/n on input line 18.
LaTeX Font Info:    ... okay on input line 18.
LaTeX Font Info:    Checking defaults for OMS/cmsy/m/n on input line 18.
LaTeX Font Info:    ... okay on input line 18.
LaTeX Font Info:    Checking defaults for OMX/cmex/m/n on input line 18.
LaTeX Font Info:    ... okay on input line 18.
LaTeX Font Info:    Checking defaults for U/cmr/m/n on input line 18.
LaTeX Font Info:    ... okay on input line 18.
 (/usr/local/texlive/2017/texmf-dist/tex/context/base/mkii/supp-pdf.mkii
[Loading MPS to PDF converter (version 2006.09.02).]
\scratchcounter=\count149
\scratchdimen=\dimen166
\scratchbox=\box46
\nofMPsegments=\count150
\nofMParguments=\count151
\everyMPshowfont=\toks29
\MPscratchCnt=\count152
\MPscratchDim=\dimen167
\MPnumerator=\count153
\makeMPintoPDFobject=\count154
\everyMPtoPDFconversion=\toks30
) (/usr/local/texlive/2017/texmf-dist/tex/generic/oberdiek/pdftexcmds.sty
Package: pdftexcmds 2017/03/19 v0.25 Utility functions of pdfTeX for LuaTeX (HO)
 (/usr/local/texlive/2017/texmf-dist/tex/generic/oberdiek/ifluatex.sty
Package: ifluatex 2016/05/16 v1.4 Provides the ifluatex switch (HO)
Package ifluatex Info: LuaTeX not detected.
)
Package pdftexcmds Info: LuaTeX not detected.
Package pdftexcmds Info: \pdf@primitive is available.
Package pdftexcmds Info: \pdf@ifprimitive is available.
Package pdftexcmds Info: \pdfdraftmode found.
) (/usr/local/texlive/2017/texmf-dist/tex/latex/oberdiek/epstopdf-base.sty
Package: epstopdf-base 2016/05/15 v2.6 Base part for package epstopdf
 (/usr/local/texlive/2017/texmf-dist/tex/latex/oberdiek/grfext.sty
Package: grfext 2016/05/16 v1.2 Manage graphics extensions (HO)
 (/usr/local/texlive/2017/texmf-dist/tex/generic/oberdiek/kvdefinekeys.sty
Package: kvdefinekeys 2016/05/16 v1.4 Define keys (HO)
)) (/usr/local/texlive/2017/texmf-dist/tex/latex/oberdiek/kvoptions.sty
Package: kvoptions 2016/05/16 v3.12 Key value format for package options (HO)
 (/usr/local/texlive/2017/texmf-dist/tex/generic/oberdiek/kvsetkeys.sty
Package: kvsetkeys 2016/05/16 v1.17 Key value parser (HO)
 (/usr/local/texlive/2017/texmf-dist/tex/generic/oberdiek/etexcmds.sty
Package: etexcmds 2016/05/16 v1.6 Avoid name clashes with e-TeX commands (HO)
Package etexcmds Info: Could not find \expanded.
(etexcmds)             That can mean that you are not using pdfTeX 1.50 or
(etexcmds)             that some package has redefined \expanded.
(etexcmds)             In the latter case, load this package earlier.
)))
Package epstopdf-base Info: Redefining graphics rule for `.eps' on input line 438.
Package grfext Info: Graphics extension search list:
(grfext)             [.png,.pdf,.jpg,.mps,.jpeg,.jbig2,.jb2,.PNG,.PDF,.JPG,.JPEG,.JBIG2,.JB2,.eps]
(grfext)             \AppendGraphicsExtensions on input line 456.
 (/usr/local/texlive/2017/texmf-dist/tex/latex/latexconfig/epstopdf-sys.cfg
File: epstopdf-sys.cfg 2010/07/13 v1.3 Configuration of (r)epstopdf for TeX Live
))
*geometry* driver: auto-detecting
*geometry* detected driver: pdftex
*geometry* verbose mode - [ preamble ] result:
* driver: pdftex
* paper: a4paper
* layout: <same size as paper>
* layoutoffset:(h,v)=(0.0pt,0.0pt)
* modes: 
* h-part:(L,W,R)=(85.35826pt, 426.79135pt, 85.35826pt)
* v-part:(T,H,B)=(113.81102pt, 631.65118pt, 99.58464pt)
* \paperwidth=597.50787pt
* \paperheight=845.04684pt
* \textwidth=426.79135pt
* \textheight=631.65118pt
* \oddsidemargin=13.08827pt
* \evensidemargin=13.08827pt
* \topmargin=4.54103pt
* \headheight=12.0pt
* \headsep=25.0pt
* \topskip=10.0pt
* \footskip=30.0pt
* \marginparwidth=57.0pt
* \marginparsep=11.0pt
* \columnsep=10.0pt
* \skip\footins=9.0pt plus 4.0pt minus 2.0pt
* \hoffset=0.0pt
* \voffset=0.0pt
* \mag=1000
* \@twocolumnfalse
* \@twosidefalse
* \@mparswitchfalse
* \@reversemarginfalse
* (1in=72.27pt=25.4mm, 1cm=28.453pt)

LaTeX Font Info:    Try loading font information for U+msa on input line 19.
(/usr/local/texlive/2017/texmf-dist/tex/latex/amsfonts/umsa.fd
File: umsa.fd 2013/01/14 v3.01 AMS symbols A
)
LaTeX Font Info:    Try loading font information for U+msb on input line 19.
 (/usr/local/texlive/2017/texmf-dist/tex/latex/amsfonts/umsb.fd
File: umsb.fd 2013/01/14 v3.01 AMS symbols B
)
LaTeX Font Info:    Try loading font information for U+lasy on input line 19.
 (/usr/local/texlive/2017/texmf-dist/tex/latex/base/ulasy.fd
File: ulasy.fd 1998/08/17 v2.2e LaTeX symbol font definitions
)
LaTeX Font Info:    Try loading font information for OMS+cmr on input line 31.
 (/usr/local/texlive/2017/texmf-dist/tex/latex/base/omscmr.fd
File: omscmr.fd 2014/09/29 v2.5h Standard LaTeX font definitions
)
LaTeX Font Info:    Font shape `OMS/cmr/m/n' in size <10> not available
(Font)              Font shape `OMS/cmsy/m/n' tried instead on input line 31.
 [1

{/usr/local/texlive/2017/texmf-var/fonts/map/pdftex/updmap/pdftex.map}] <grafici/hv.jpg, id=11, 562.60187pt x 342.78062pt>
File: grafici/hv.jpg Graphic file (type jpg)
 <use grafici/hv.jpg>
Package pdftex.def Info: grafici/hv.jpg used on input line 46.
(pdftex.def)             Requested size: 337.56372pt x 205.66995pt.
 <grafici/st.jpg, id=12, 567.11874pt x 337.26pt>
File: grafici/st.jpg Graphic file (type jpg)
 <use grafici/st.jpg>
Package pdftex.def Info: grafici/st.jpg used on input line 52.
(pdftex.def)             Requested size: 340.27386pt x 202.35756pt.
 [2 </Users/marcogobbo/Desktop/Laboratorio 3/lab3/Exp2/report/grafici/hv.jpg> </Users/marcogobbo/Desktop/Laboratorio 3/lab3/Exp2/report/grafici/st.jpg>] <grafici/risoluzionehv.jpg, id=17, 548.0475pt x 381.92688pt>
File: grafici/risoluzionehv.jpg Graphic file (type jpg)
 <use grafici/risoluzionehv.jpg>
Package pdftex.def Info: grafici/risoluzionehv.jpg used on input line 64.
(pdftex.def)             Requested size: 274.02307pt x 190.96297pt.
 <grafici/risoluzionest.jpg, id=18, 557.08125pt x 388.95313pt>
File: grafici/risoluzionest.jpg Graphic file (type jpg)
 <use grafici/risoluzionest.jpg>
Package pdftex.def Info: grafici/risoluzionest.jpg used on input line 70.
(pdftex.def)             Requested size: 278.53995pt x 194.47607pt.
 [3 </Users/marcogobbo/Desktop/Laboratorio 3/lab3/Exp2/report/grafici/risoluzionehv.jpg> </Users/marcogobbo/Desktop/Laboratorio 3/lab3/Exp2/report/grafici/risoluzionest.jpg>] <grafici/sodiocompleto.jpg, id=23, 527.9725pt x 332.74312pt>
File: grafici/sodiocompleto.jpg Graphic file (type jpg)
 <use grafici/sodiocompleto.jpg>
Package pdftex.def Info: grafici/sodiocompleto.jpg used on input line 90.
(pdftex.def)             Requested size: 316.78593pt x 199.6474pt.
 [4 </Users/marcogobbo/Desktop/Laboratorio 3/lab3/Exp2/report/grafici/sodiocompleto.jpg>] <grafici/cobaltocompleto.jpg, id=29, 516.42938pt x 329.23pt>
File: grafici/cobaltocompleto.jpg Graphic file (type jpg)
 <use grafici/cobaltocompleto.jpg>
Package pdftex.def Info: grafici/cobaltocompleto.jpg used on input line 96.
(pdftex.def)             Requested size: 309.86002pt x 197.53952pt.
 <grafici/toriocompleto.jpg, id=30, 520.44438pt x 332.24126pt>
File: grafici/toriocompleto.jpg Graphic file (type jpg)
 <use grafici/toriocompleto.jpg>
Package pdftex.def Info: grafici/toriocompleto.jpg used on input line 102.
(pdftex.def)             Requested size: 312.26904pt x 199.34628pt.
 <grafici/piccoNa.jpg, id=31, 567.11874pt x 340.27126pt>
File: grafici/piccoNa.jpg Graphic file (type jpg)
 <use grafici/piccoNa.jpg>
Package pdftex.def Info: grafici/piccoNa.jpg used on input line 110.
(pdftex.def)             Requested size: 396.98041pt x 238.18825pt.
 [5 </Users/marcogobbo/Desktop/Laboratorio 3/lab3/Exp2/report/grafici/cobaltocompleto.jpg> </Users/marcogobbo/Desktop/Laboratorio 3/lab3/Exp2/report/grafici/toriocompleto.jpg>] <grafici/piccoCo.jpg, id=35, 575.14874pt x 348.80313pt>
File: grafici/piccoCo.jpg Graphic file (type jpg)
 <use grafici/piccoCo.jpg>
Package pdftex.def Info: grafici/piccoCo.jpg used on input line 116.
(pdftex.def)             Requested size: 402.60138pt x 244.16052pt.
 <grafici/piccoTh.jpg, id=36, 579.16376pt x 351.81438pt>
File: grafici/piccoTh.jpg Graphic file (type jpg)
 <use grafici/piccoTh.jpg>
Package pdftex.def Info: grafici/piccoTh.jpg used on input line 122.
(pdftex.def)             Requested size: 405.41187pt x 246.26837pt.
 [6 </Users/marcogobbo/Desktop/Laboratorio 3/lab3/Exp2/report/grafici/piccoNa.jpg> </Users/marcogobbo/Desktop/Laboratorio 3/lab3/Exp2/report/grafici/piccoCo.jpg>] <grafici/rettacalibrazionesources.jpg, id=40, 534.49687pt x 388.95313pt>
File: grafici/rettacalibrazionesources.jpg Graphic file (type jpg)
 <use grafici/rettacalibrazionesources.jpg>
Package pdftex.def Info: grafici/rettacalibrazionesources.jpg used on input line 130.
(pdftex.def)             Requested size: 240.52136pt x 175.02728pt.
 [7 </Users/marcogobbo/Desktop/Laboratorio 3/lab3/Exp2/report/grafici/piccoTh.jpg> </Users/marcogobbo/Desktop/Laboratorio 3/lab3/Exp2/report/grafici/rettacalibrazionesources.jpg>] <grafici/risoluzionesources.jpg, id=46, 545.03625pt x 381.425pt>
File: grafici/risoluzionesources.jpg Graphic file (type jpg)
 <use grafici/risoluzionesources.jpg>
Package pdftex.def Info: grafici/risoluzionesources.jpg used on input line 157.
(pdftex.def)             Requested size: 327.02428pt x 228.85675pt.
 [8 </Users/marcogobbo/Desktop/Laboratorio 3/lab3/Exp2/report/grafici/risoluzionesources.jpg>] <grafici/efficienzasources.jpg, id=52, 533.49312pt x 392.46625pt>
File: grafici/efficienzasources.jpg Graphic file (type jpg)
 <use grafici/efficienzasources.jpg>
Package pdftex.def Info: grafici/efficienzasources.jpg used on input line 198.
(pdftex.def)             Requested size: 240.06969pt x 176.60817pt.
Missing character: There is no  in font cmr10!
Missing character: There is no  in font cmr10!
 [9 </Users/marcogobbo/Desktop/Laboratorio 3/lab3/Exp2/report/grafici/efficienzasources.jpg>] <grafici/piccouw878.jpg, id=56, 552.56438pt x 348.80313pt>
File: grafici/piccouw878.jpg Graphic file (type jpg)
 <use grafici/piccouw878.jpg>
Package pdftex.def Info: grafici/piccouw878.jpg used on input line 249.
(pdftex.def)             Requested size: 331.54118pt x 209.2835pt.
 <grafici/rettacalibrazionemultigamma.jpg, id=57, 534.49687pt x 386.94562pt>
File: grafici/rettacalibrazionemultigamma.jpg Graphic file (type jpg)
 <use grafici/rettacalibrazionemultigamma.jpg>
Package pdftex.def Info: grafici/rettacalibrazionemultigamma.jpg used on input line 257.
(pdftex.def)             Requested size: 240.52136pt x 174.12392pt.
 [10 </Users/marcogobbo/Desktop/Laboratorio 3/lab3/Exp2/report/grafici/piccouw878.jpg>] <grafici/risoluzionemultigamma.jpg, id=62, 527.47063pt x 385.94188pt>
File: grafici/risoluzionemultigamma.jpg Graphic file (type jpg)
 <use grafici/risoluzionemultigamma.jpg>
Package pdftex.def Info: grafici/risoluzionemultigamma.jpg used on input line 278.
(pdftex.def)             Requested size: 237.35959pt x 173.67224pt.
 [11 </Users/marcogobbo/Desktop/Laboratorio 3/lab3/Exp2/report/grafici/rettacalibrazionemultigamma.jpg> </Users/marcogobbo/Desktop/Laboratorio 3/lab3/Exp2/report/grafici/risoluzionemultigamma.jpg>] <grafici/efficienzamultigamma.jpg, id=66, 531.9875pt x 382.42876pt>
File: grafici/efficienzamultigamma.jpg Graphic file (type jpg)
 <use grafici/efficienzamultigamma.jpg>
Package pdftex.def Info: grafici/efficienzamultigamma.jpg used on input line 303.
(pdftex.def)             Requested size: 239.39217pt x 172.09134pt.
 <grafici/sorgenteignota.jpg, id=67, 556.57938pt x 312.66812pt>
File: grafici/sorgenteignota.jpg Graphic file (type jpg)
 <use grafici/sorgenteignota.jpg>
Package pdftex.def Info: grafici/sorgenteignota.jpg used on input line 318.
(pdftex.def)             Requested size: 333.9502pt x 187.60231pt.
 [12 </Users/marcogobbo/Desktop/Laboratorio 3/lab3/Exp2/report/grafici/efficienzamultigamma.jpg>] <grafici/risoluzioneignota.jpg, id=71, 540.0175pt x 387.94937pt>
File: grafici/risoluzioneignota.jpg Graphic file (type jpg)
 <use grafici/risoluzioneignota.jpg>
Package pdftex.def Info: grafici/risoluzioneignota.jpg used on input line 358.
(pdftex.def)             Requested size: 243.00562pt x 174.5756pt.
 [13 </Users/marcogobbo/Desktop/Laboratorio 3/lab3/Exp2/report/grafici/sorgenteignota.jpg>]
Missing character: There is no  in font cmr10!
Missing character: There is no  in font cmr10!
Missing character: There is no  in font cmr10!
Missing character: There is no  in font cmr10!
 <appendice/2000.png, id=76, 870.25125pt x 514.92375pt>
File: appendice/2000.png Graphic file (type png)
 <use appendice/2000.png>
Package pdftex.def Info: appendice/2000.png used on input line 397.
(pdftex.def)             Requested size: 391.60945pt x 231.71355pt.
 <appendice/2200.png, id=78, 870.25125pt x 515.9275pt>
File: appendice/2200.png Graphic file (type png)
 <use appendice/2200.png>
Package pdftex.def Info: appendice/2200.png used on input line 401.
(pdftex.def)             Requested size: 391.60945pt x 232.16522pt.
 [14 </Users/marcogobbo/Desktop/Laboratorio 3/lab3/Exp2/report/grafici/risoluzioneignota.jpg>] <appendice/2400.png, id=82, 869.2475pt x 515.9275pt>
File: appendice/2400.png Graphic file (type png)
 <use appendice/2400.png>
Package pdftex.def Info: appendice/2400.png used on input line 405.
(pdftex.def)             Requested size: 391.15776pt x 232.16522pt.
 <appendice/2600.png, id=83, 869.2475pt x 513.92pt>
File: appendice/2600.png Graphic file (type png)
 <use appendice/2600.png>
Package pdftex.def Info: appendice/2600.png used on input line 409.
(pdftex.def)             Requested size: 391.15776pt x 231.26186pt.
 [15 </Users/marcogobbo/Desktop/Laboratorio 3/lab3/Exp2/report/appendice/2000.png> </Users/marcogobbo/Desktop/Laboratorio 3/lab3/Exp2/report/appendice/2200.png>] <appendice/2800.png, id=89, 869.2475pt x 513.92pt>
File: appendice/2800.png Graphic file (type png)
 <use appendice/2800.png>
Package pdftex.def Info: appendice/2800.png used on input line 413.
(pdftex.def)             Requested size: 391.15776pt x 231.26186pt.
 <appendice/3000.png, id=90, 869.2475pt x 514.92375pt>
File: appendice/3000.png Graphic file (type png)
 <use appendice/3000.png>
Package pdftex.def Info: appendice/3000.png used on input line 417.
(pdftex.def)             Requested size: 391.15776pt x 231.71355pt.
 [16 </Users/marcogobbo/Desktop/Laboratorio 3/lab3/Exp2/report/appendice/2400.png> </Users/marcogobbo/Desktop/Laboratorio 3/lab3/Exp2/report/appendice/2600.png>] <appendice/3200.png, id=96, 869.2475pt x 516.93124pt>
File: appendice/3200.png Graphic file (type png)
 <use appendice/3200.png>
Package pdftex.def Info: appendice/3200.png used on input line 421.
(pdftex.def)             Requested size: 391.15776pt x 232.6169pt.
 <appendice/3400.png, id=97, 868.24374pt x 513.92pt>
File: appendice/3400.png Graphic file (type png)
 <use appendice/3400.png>
Package pdftex.def Info: appendice/3400.png used on input line 425.
(pdftex.def)             Requested size: 390.70607pt x 231.26186pt.
 [17 </Users/marcogobbo/Desktop/Laboratorio 3/lab3/Exp2/report/appendice/2800.png> </Users/marcogobbo/Desktop/Laboratorio 3/lab3/Exp2/report/appendice/3000.png>] <appendice/3600.png, id=103, 869.2475pt x 514.92375pt>
File: appendice/3600.png Graphic file (type png)
 <use appendice/3600.png>
Package pdftex.def Info: appendice/3600.png used on input line 429.
(pdftex.def)             Requested size: 391.15776pt x 231.71355pt.
 <appendice/3800.png, id=104, 868.24374pt x 514.92375pt>
File: appendice/3800.png Graphic file (type png)
 <use appendice/3800.png>
Package pdftex.def Info: appendice/3800.png used on input line 433.
(pdftex.def)             Requested size: 390.70607pt x 231.71355pt.
 [18 </Users/marcogobbo/Desktop/Laboratorio 3/lab3/Exp2/report/appendice/3200.png> </Users/marcogobbo/Desktop/Laboratorio 3/lab3/Exp2/report/appendice/3400.png>] <appendice/4000.png, id=110, 868.24374pt x 512.91624pt>
File: appendice/4000.png Graphic file (type png)
 <use appendice/4000.png>
Package pdftex.def Info: appendice/4000.png used on input line 437.
(pdftex.def)             Requested size: 390.70607pt x 230.81018pt.
 <appendice/4200.png, id=111, 870.25125pt x 513.92pt>
File: appendice/4200.png Graphic file (type png)
 <use appendice/4200.png>
Package pdftex.def Info: appendice/4200.png used on input line 441.
(pdftex.def)             Requested size: 391.60945pt x 231.26186pt.
 [19 </Users/marcogobbo/Desktop/Laboratorio 3/lab3/Exp2/report/appendice/3600.png> </Users/marcogobbo/Desktop/Laboratorio 3/lab3/Exp2/report/appendice/3800.png>] <appendice/4400.png, id=118, 869.2475pt x 513.92pt>
File: appendice/4400.png Graphic file (type png)
 <use appendice/4400.png>
Package pdftex.def Info: appendice/4400.png used on input line 445.
(pdftex.def)             Requested size: 391.15776pt x 231.26186pt.
 <appendice/4600.png, id=119, 868.24374pt x 514.92375pt>
File: appendice/4600.png Graphic file (type png)
 <use appendice/4600.png>
Package pdftex.def Info: appendice/4600.png used on input line 449.
(pdftex.def)             Requested size: 390.70607pt x 231.71355pt.
 [20 </Users/marcogobbo/Desktop/Laboratorio 3/lab3/Exp2/report/appendice/4000.png> </Users/marcogobbo/Desktop/Laboratorio 3/lab3/Exp2/report/appendice/4200.png>] <appendice/4800.png, id=125, 868.24374pt x 511.9125pt>
File: appendice/4800.png Graphic file (type png)
 <use appendice/4800.png>
Package pdftex.def Info: appendice/4800.png used on input line 453.
(pdftex.def)             Requested size: 390.70607pt x 230.35849pt.
 <appendice/5000.png, id=126, 869.2475pt x 513.92pt>
File: appendice/5000.png Graphic file (type png)
 <use appendice/5000.png>
Package pdftex.def Info: appendice/5000.png used on input line 457.
(pdftex.def)             Requested size: 391.15776pt x 231.26186pt.
 [21 </Users/marcogobbo/Desktop/Laboratorio 3/lab3/Exp2/report/appendice/4400.png> </Users/marcogobbo/Desktop/Laboratorio 3/lab3/Exp2/report/appendice/4600.png>] <appendice/5.png, id=132, 868.24374pt x 514.92375pt>
File: appendice/5.png Graphic file (type png)
 <use appendice/5.png>
Package pdftex.def Info: appendice/5.png used on input line 464.
(pdftex.def)             Requested size: 390.70607pt x 231.71355pt.
 <appendice/10.png, id=133, 868.24374pt x 514.92375pt>
File: appendice/10.png Graphic file (type png)
 <use appendice/10.png>
Package pdftex.def Info: appendice/10.png used on input line 468.
(pdftex.def)             Requested size: 390.70607pt x 231.71355pt.
 [22 </Users/marcogobbo/Desktop/Laboratorio 3/lab3/Exp2/report/appendice/4800.png> </Users/marcogobbo/Desktop/Laboratorio 3/lab3/Exp2/report/appendice/5000.png>] <appendice/20.png, id=139, 868.24374pt x 513.92pt>
File: appendice/20.png Graphic file (type png)
 <use appendice/20.png>
Package pdftex.def Info: appendice/20.png used on input line 472.
(pdftex.def)             Requested size: 390.70607pt x 231.26186pt.
 <appendice/30.png, id=140, 870.25125pt x 514.92375pt>
File: appendice/30.png Graphic file (type png)
 <use appendice/30.png>
Package pdftex.def Info: appendice/30.png used on input line 476.
(pdftex.def)             Requested size: 391.60945pt x 231.71355pt.
 [23 </Users/marcogobbo/Desktop/Laboratorio 3/lab3/Exp2/report/appendice/5.png> </Users/marcogobbo/Desktop/Laboratorio 3/lab3/Exp2/report/appendice/10.png>] <appendice/60.png, id=146, 868.24374pt x 513.92pt>
File: appendice/60.png Graphic file (type png)
 <use appendice/60.png>
Package pdftex.def Info: appendice/60.png used on input line 480.
(pdftex.def)             Requested size: 390.70607pt x 231.26186pt.
 <appendice/100.png, id=147, 867.24pt x 512.91624pt>
File: appendice/100.png Graphic file (type png)
 <use appendice/100.png>
Package pdftex.def Info: appendice/100.png used on input line 484.
(pdftex.def)             Requested size: 390.2544pt x 230.81018pt.
 [24 </Users/marcogobbo/Desktop/Laboratorio 3/lab3/Exp2/report/appendice/20.png> </Users/marcogobbo/Desktop/Laboratorio 3/lab3/Exp2/report/appendice/30.png>] <appendice/Na.png, id=153, 870.25125pt x 513.92pt>
File: appendice/Na.png Graphic file (type png)
 <use appendice/Na.png>
Package pdftex.def Info: appendice/Na.png used on input line 491.
(pdftex.def)             Requested size: 391.60945pt x 231.26186pt.
 <appendice/Na2.png, id=154, 869.2475pt x 514.92375pt>
File: appendice/Na2.png Graphic file (type png)
 <use appendice/Na2.png>
Package pdftex.def Info: appendice/Na2.png used on input line 495.
(pdftex.def)             Requested size: 391.15776pt x 231.71355pt.
 [25 </Users/marcogobbo/Desktop/Laboratorio 3/lab3/Exp2/report/appendice/60.png> </Users/marcogobbo/Desktop/Laboratorio 3/lab3/Exp2/report/appendice/100.png>] <appendice/Co.png, id=161, 868.24374pt x 513.92pt>
File: appendice/Co.png Graphic file (type png)
 <use appendice/Co.png>
Package pdftex.def Info: appendice/Co.png used on input line 502.
(pdftex.def)             Requested size: 390.70607pt x 231.26186pt.
 <appendice/Co2.png, id=162, 869.2475pt x 512.91624pt>
File: appendice/Co2.png Graphic file (type png)
 <use appendice/Co2.png>
Package pdftex.def Info: appendice/Co2.png used on input line 506.
(pdftex.def)             Requested size: 391.15776pt x 230.81018pt.
 [26 </Users/marcogobbo/Desktop/Laboratorio 3/lab3/Exp2/report/appendice/Na.png> </Users/marcogobbo/Desktop/Laboratorio 3/lab3/Exp2/report/appendice/Na2.png>] <appendice/Th1.png, id=168, 870.25125pt x 513.92pt>
File: appendice/Th1.png Graphic file (type png)
 <use appendice/Th1.png>
Package pdftex.def Info: appendice/Th1.png used on input line 513.
(pdftex.def)             Requested size: 391.60945pt x 231.26186pt.
 <appendice/Th2.png, id=169, 867.24pt x 512.91624pt>
File: appendice/Th2.png Graphic file (type png)
 <use appendice/Th2.png>
Package pdftex.def Info: appendice/Th2.png used on input line 517.
(pdftex.def)             Requested size: 390.2544pt x 230.81018pt.
 [27 </Users/marcogobbo/Desktop/Laboratorio 3/lab3/Exp2/report/appendice/Co.png> </Users/marcogobbo/Desktop/Laboratorio 3/lab3/Exp2/report/appendice/Co2.png>] <appendice/Th3.png, id=175, 868.24374pt x 513.92pt>
File: appendice/Th3.png Graphic file (type png)
 <use appendice/Th3.png>
Package pdftex.def Info: appendice/Th3.png used on input line 521.
(pdftex.def)             Requested size: 390.70607pt x 231.26186pt.
 <appendice/Th4.png, id=176, 868.24374pt x 513.92pt>
File: appendice/Th4.png Graphic file (type png)
 <use appendice/Th4.png>
Package pdftex.def Info: appendice/Th4.png used on input line 525.
(pdftex.def)             Requested size: 390.70607pt x 231.26186pt.
 [28 </Users/marcogobbo/Desktop/Laboratorio 3/lab3/Exp2/report/appendice/Th1.png> </Users/marcogobbo/Desktop/Laboratorio 3/lab3/Exp2/report/appendice/Th2.png>] <appendice/Th5.png, id=182, 869.2475pt x 513.92pt>
File: appendice/Th5.png Graphic file (type png)
 <use appendice/Th5.png>
Package pdftex.def Info: appendice/Th5.png used on input line 529.
(pdftex.def)             Requested size: 391.15776pt x 231.26186pt.
 [29 </Users/marcogobbo/Desktop/Laboratorio 3/lab3/Exp2/report/appendice/Th3.png> </Users/marcogobbo/Desktop/Laboratorio 3/lab3/Exp2/report/appendice/Th4.png>] <appendice/u1.png, id=188, 868.24374pt x 512.91624pt>
File: appendice/u1.png Graphic file (type png)
 <use appendice/u1.png>
Package pdftex.def Info: appendice/u1.png used on input line 536.
(pdftex.def)             Requested size: 390.70607pt x 230.81018pt.
 <appendice/u2.png, id=189, 868.24374pt x 512.91624pt>
File: appendice/u2.png Graphic file (type png)
 <use appendice/u2.png>
Package pdftex.def Info: appendice/u2.png used on input line 540.
(pdftex.def)             Requested size: 390.70607pt x 230.81018pt.
 <appendice/u3.png, id=190, 867.24pt x 512.91624pt>
File: appendice/u3.png Graphic file (type png)
 <use appendice/u3.png>
Package pdftex.def Info: appendice/u3.png used on input line 544.
(pdftex.def)             Requested size: 390.2544pt x 230.81018pt.
 [30 </Users/marcogobbo/Desktop/Laboratorio 3/lab3/Exp2/report/appendice/Th5.png> </Users/marcogobbo/Desktop/Laboratorio 3/lab3/Exp2/report/appendice/u1.png>] <appendice/u4.png, id=196, 869.2475pt x 513.92pt>
File: appendice/u4.png Graphic file (type png)
 <use appendice/u4.png>
Package pdftex.def Info: appendice/u4.png used on input line 548.
(pdftex.def)             Requested size: 391.15776pt x 231.26186pt.
 <appendice/u5.png, id=197, 867.24pt x 511.9125pt>
File: appendice/u5.png Graphic file (type png)
 <use appendice/u5.png>
Package pdftex.def Info: appendice/u5.png used on input line 552.
(pdftex.def)             Requested size: 390.2544pt x 230.35849pt.
 [31 </Users/marcogobbo/Desktop/Laboratorio 3/lab3/Exp2/report/appendice/u2.png> </Users/marcogobbo/Desktop/Laboratorio 3/lab3/Exp2/report/appendice/u3.png>] <appendice/u6.png, id=204, 869.2475pt x 512.91624pt>
File: appendice/u6.png Graphic file (type png)
 <use appendice/u6.png>
Package pdftex.def Info: appendice/u6.png used on input line 556.
(pdftex.def)             Requested size: 391.15776pt x 230.81018pt.
 [32 </Users/marcogobbo/Desktop/Laboratorio 3/lab3/Exp2/report/appendice/u4.png> </Users/marcogobbo/Desktop/Laboratorio 3/lab3/Exp2/report/appendice/u5.png>] <appendice/y1.png, id=210, 869.2475pt x 512.91624pt>
File: appendice/y1.png Graphic file (type png)
 <use appendice/y1.png>
Package pdftex.def Info: appendice/y1.png used on input line 562.
(pdftex.def)             Requested size: 391.15776pt x 230.81018pt.
 <appendice/y8.png, id=211, 867.24pt x 512.91624pt>
File: appendice/y8.png Graphic file (type png)
 <use appendice/y8.png>
Package pdftex.def Info: appendice/y8.png used on input line 566.
(pdftex.def)             Requested size: 390.2544pt x 230.81018pt.
 <appendice/y9.png, id=212, 868.24374pt x 513.92pt>
File: appendice/y9.png Graphic file (type png)
 <use appendice/y9.png>
Package pdftex.def Info: appendice/y9.png used on input line 570.
(pdftex.def)             Requested size: 390.70607pt x 231.26186pt.
 [33 </Users/marcogobbo/Desktop/Laboratorio 3/lab3/Exp2/report/appendice/u6.png> </Users/marcogobbo/Desktop/Laboratorio 3/lab3/Exp2/report/appendice/y1.png>] <appendice/y2.png, id=218, 868.24374pt x 513.92pt>
File: appendice/y2.png Graphic file (type png)
 <use appendice/y2.png>
Package pdftex.def Info: appendice/y2.png used on input line 574.
(pdftex.def)             Requested size: 390.70607pt x 231.26186pt.

<appendice/y6.png, id=219, 869.2475pt x 513.92pt>
File: appendice/y6.png Graphic file (type png)
 <use appendice/y6.png>
Package pdftex.def Info: appendice/y6.png used on input line 578.
(pdftex.def)             Requested size: 391.15776pt x 231.26186pt.
 [34 </Users/marcogobbo/Desktop/Laboratorio 3/lab3/Exp2/report/appendice/y8.png> </Users/marcogobbo/Desktop/Laboratorio 3/lab3/Exp2/report/appendice/y9.png>] <appendice/y7.png, id=225, 869.2475pt x 513.92pt>
File: appendice/y7.png Graphic file (type png)
 <use appendice/y7.png>
Package pdftex.def Info: appendice/y7.png used on input line 582.
(pdftex.def)             Requested size: 391.15776pt x 231.26186pt.
 <appendice/y3.png, id=226, 869.2475pt x 515.9275pt>
File: appendice/y3.png Graphic file (type png)
 <use appendice/y3.png>
Package pdftex.def Info: appendice/y3.png used on input line 586.
(pdftex.def)             Requested size: 391.15776pt x 232.16522pt.
 [35 </Users/marcogobbo/Desktop/Laboratorio 3/lab3/Exp2/report/appendice/y2.png> </Users/marcogobbo/Desktop/Laboratorio 3/lab3/Exp2/report/appendice/y6.png>] <appendice/y4.png, id=232, 868.24374pt x 512.91624pt>
File: appendice/y4.png Graphic file (type png)
 <use appendice/y4.png>
Package pdftex.def Info: appendice/y4.png used on input line 590.
(pdftex.def)             Requested size: 390.70607pt x 230.81018pt.
 <appendice/y5.png, id=233, 869.2475pt x 513.92pt>
File: appendice/y5.png Graphic file (type png)
 <use appendice/y5.png>
Package pdftex.def Info: appendice/y5.png used on input line 594.
(pdftex.def)             Requested size: 391.15776pt x 231.26186pt.
 [36 </Users/marcogobbo/Desktop/Laboratorio 3/lab3/Exp2/report/appendice/y7.png> </Users/marcogobbo/Desktop/Laboratorio 3/lab3/Exp2/report/appendice/y3.png>] <appendice/y10.png, id=239, 869.2475pt x 513.92pt>
File: appendice/y10.png Graphic file (type png)
 <use appendice/y10.png>
Package pdftex.def Info: appendice/y10.png used on input line 598.
(pdftex.def)             Requested size: 391.15776pt x 231.26186pt.
 [37 </Users/marcogobbo/Desktop/Laboratorio 3/lab3/Exp2/report/appendice/y4.png> </Users/marcogobbo/Desktop/Laboratorio 3/lab3/Exp2/report/appendice/y5.png>] [38 </Users/marcogobbo/Desktop/Laboratorio 3/lab3/Exp2/report/appendice/y10.png>] (/Users/marcogobbo/Desktop/Laboratorio 3/lab3/Exp2/report/Report2.aux) ) 
Here is how much of TeX's memory you used:
 11335 strings out of 492995
 205164 string characters out of 6132704
 242567 words of memory out of 5000000
 14730 multiletter control sequences out of 15000+600000
 12485 words of font info for 52 fonts, out of 8000000 for 9000
 1141 hyphenation exceptions out of 8191
 39i,11n,38p,10463b,275s stack positions out of 5000i,500n,10000p,200000b,80000s
</usr/local/texlive/2017/texmf-dist/fonts/type1/public/amsfonts/cm/cmbx10.pfb></usr/local/texlive/2017/texmf-dist/fonts/type1/public/amsfonts/cm/cmbx12.pfb></usr/local/texlive/2017/texmf-dist/fonts/type1/public/amsfonts/cm/cmex10.pfb></usr/local/texlive/2017/texmf-dist/fonts/type1/public/amsfonts/cm/cmmi10.pfb></usr/local/texlive/2017/texmf-dist/fonts/type1/public/amsfonts/cm/cmmi7.pfb></usr/local/texlive/2017/texmf-dist/fonts/type1/public/amsfonts/cm/cmr10.pfb></usr/local/texlive/2017/texmf-dist/fonts/type1/public/amsfonts/cm/cmr12.pfb></usr/local/texlive/2017/texmf-dist/fonts/type1/public/amsfonts/cm/cmr17.pfb></usr/local/texlive/2017/texmf-dist/fonts/type1/public/amsfonts/cm/cmr5.pfb></usr/local/texlive/2017/texmf-dist/fonts/type1/public/amsfonts/cm/cmr7.pfb></usr/local/texlive/2017/texmf-dist/fonts/type1/public/amsfonts/cm/cmsy10.pfb></usr/local/texlive/2017/texmf-dist/fonts/type1/public/amsfonts/cm/cmsy7.pfb></usr/local/texlive/2017/texmf-dist/fonts/type1/public/amsfonts/cm/cmti10.pfb>
Output written on "/Users/marcogobbo/Desktop/Laboratorio 3/lab3/Exp2/report/Report2.pdf" (38 pages, 5003709 bytes).
PDF statistics:
 295 PDF objects out of 1000 (max. 8388607)
 127 compressed objects within 2 object streams
 0 named destinations out of 1000 (max. 500000)
 331 words of extra memory for PDF output out of 10000 (max. 10000000)

